Using pre-set license
Built from '2021.3/staging' branch; Version is '2021.3.20f1 (577897200b8b) revision 5732503'; Using compiler version '192829333'; Build Type 'Release'
OS: 'Windows 11  (10.0.22000) 64bit CoreSingleLanguage' Language: 'ru' Physical Memory: 32537 MB
BatchMode: 1, IsHumanControllingUs: 0, StartBugReporterOnCrash: 0, Is64bit: 1, IsPro: 1

COMMAND LINE ARGUMENTS:
C:\Program Files\Unity\Hub\Editor\2021.3.20f1\Editor\Unity.exe
-adb2
-batchMode
-noUpm
-name
AssetImportWorker4
-projectPath
C:/Users/schuc/SnowFlakeProject
-logFile
Logs/AssetImportWorker4.log
-srvPort
55007
Successfully changed project path to: C:/Users/schuc/SnowFlakeProject
C:/Users/schuc/SnowFlakeProject
[UnityMemory] Configuration Parameters - Can be set up in boot.config
    "memorysetup-bucket-allocator-granularity=16"
    "memorysetup-bucket-allocator-bucket-count=8"
    "memorysetup-bucket-allocator-block-size=33554432"
    "memorysetup-bucket-allocator-block-count=8"
    "memorysetup-main-allocator-block-size=16777216"
    "memorysetup-thread-allocator-block-size=16777216"
    "memorysetup-gfx-main-allocator-block-size=16777216"
    "memorysetup-gfx-thread-allocator-block-size=16777216"
    "memorysetup-cache-allocator-block-size=4194304"
    "memorysetup-typetree-allocator-block-size=2097152"
    "memorysetup-profiler-bucket-allocator-granularity=16"
    "memorysetup-profiler-bucket-allocator-bucket-count=8"
    "memorysetup-profiler-bucket-allocator-block-size=33554432"
    "memorysetup-profiler-bucket-allocator-block-count=8"
    "memorysetup-profiler-allocator-block-size=16777216"
    "memorysetup-profiler-editor-allocator-block-size=1048576"
    "memorysetup-temp-allocator-size-main=16777216"
    "memorysetup-job-temp-allocator-block-size=2097152"
    "memorysetup-job-temp-allocator-block-size-background=1048576"
    "memorysetup-job-temp-allocator-reduction-small-platforms=262144"
    "memorysetup-temp-allocator-size-background-worker=32768"
    "memorysetup-temp-allocator-size-job-worker=262144"
    "memorysetup-temp-allocator-size-preload-manager=33554432"
    "memorysetup-temp-allocator-size-nav-mesh-worker=65536"
    "memorysetup-temp-allocator-size-audio-worker=65536"
    "memorysetup-temp-allocator-size-cloud-worker=32768"
    "memorysetup-temp-allocator-size-gi-baking-worker=262144"
    "memorysetup-temp-allocator-size-gfx=262144"
Player connection [21984] Host "[IP] 192.168.56.1 [Port] 0 [Flags] 2 [Guid] 3022300331 [EditorId] 3022300331 [Version] 1048832 [Id] WindowsEditor(7,MSI) [Debug] 1 [PackageName] WindowsEditor [ProjectName] Editor" joined multi-casting on [225.0.0.222:54997]...

Player connection [21984] Host "[IP] 192.168.56.1 [Port] 0 [Flags] 2 [Guid] 3022300331 [EditorId] 3022300331 [Version] 1048832 [Id] WindowsEditor(7,MSI) [Debug] 1 [PackageName] WindowsEditor [ProjectName] Editor" joined alternative multi-casting on [225.0.0.222:34997]...

Refreshing native plugins compatible for Editor in 56.50 ms, found 3 plugins.
Preloading 0 native plugins for Editor in 0.00 ms.
Initialize engine version: 2021.3.20f1 (577897200b8b)
[Subsystems] Discovering subsystems at path C:/Program Files/Unity/Hub/Editor/2021.3.20f1/Editor/Data/Resources/UnitySubsystems
[Subsystems] Discovering subsystems at path C:/Users/schuc/SnowFlakeProject/Assets
GfxDevice: creating device client; threaded=0; jobified=0
Direct3D:
    Version:  Direct3D 11.0 [level 11.1]
    Renderer: NVIDIA GeForce RTX 3080 Ti Laptop GPU (ID=0x2420)
    Vendor:   NVIDIA
    VRAM:     16189 MB
    Driver:   31.0.15.3141
Initialize mono
Mono path[0] = 'C:/Program Files/Unity/Hub/Editor/2021.3.20f1/Editor/Data/Managed'
Mono path[1] = 'C:/Program Files/Unity/Hub/Editor/2021.3.20f1/Editor/Data/MonoBleedingEdge/lib/mono/unityjit-win32'
Mono config path = 'C:/Program Files/Unity/Hub/Editor/2021.3.20f1/Editor/Data/MonoBleedingEdge/etc'
Using monoOptions --debugger-agent=transport=dt_socket,embedding=1,server=y,suspend=n,address=127.0.0.1:56804
Begin MonoManager ReloadAssembly
Registering precompiled unity dll's ...
Register platform support module: C:/Program Files/Unity/Hub/Editor/2021.3.20f1/Editor/Data/PlaybackEngines/WebGLSupport/UnityEditor.WebGL.Extensions.dll
Register platform support module: C:/Program Files/Unity/Hub/Editor/2021.3.20f1/Editor/Data/PlaybackEngines/WindowsStandaloneSupport/UnityEditor.WindowsStandalone.Extensions.dll
Registered in 0.002869 seconds.
Native extension for WindowsStandalone target not found
Native extension for WebGL target not found
Refreshing native plugins compatible for Editor in 53.93 ms, found 3 plugins.
Preloading 0 native plugins for Editor in 0.00 ms.
Mono: successfully reloaded assembly
- Completed reload, in  0.359 seconds
Domain Reload Profiling:
	ReloadAssembly (360ms)
		BeginReloadAssembly (49ms)
			ExecutionOrderSort (0ms)
			DisableScriptedObjects (0ms)
			BackupInstance (0ms)
			ReleaseScriptingObjects (0ms)
			CreateAndSetChildDomain (1ms)
		EndReloadAssembly (257ms)
			LoadAssemblies (48ms)
			RebuildTransferFunctionScriptingTraits (0ms)
			SetupTypeCache (61ms)
			ReleaseScriptCaches (0ms)
			RebuildScriptCaches (16ms)
			SetupLoadedEditorAssemblies (150ms)
				LogAssemblyErrors (0ms)
				InitializePlatformSupportModulesInManaged (5ms)
				SetLoadedEditorAssemblies (0ms)
				RefreshPlugins (54ms)
				BeforeProcessingInitializeOnLoad (1ms)
				ProcessInitializeOnLoadAttributes (66ms)
				ProcessInitializeOnLoadMethodAttributes (24ms)
				AfterProcessingInitializeOnLoad (0ms)
				EditorAssembliesLoaded (0ms)
			ExecutionOrderSort2 (0ms)
			AwakeInstancesAfterBackupRestoration (0ms)
Platform modules already initialized, skipping
Registering precompiled user dll's ...
Registered in 0.002862 seconds.
Begin MonoManager ReloadAssembly
Native extension for WindowsStandalone target not found
Native extension for WebGL target not found
Refreshing native plugins compatible for Editor in 59.69 ms, found 3 plugins.
Preloading 0 native plugins for Editor in 0.00 ms.
Mono: successfully reloaded assembly
- Completed reload, in  0.690 seconds
Domain Reload Profiling:
	ReloadAssembly (691ms)
		BeginReloadAssembly (67ms)
			ExecutionOrderSort (0ms)
			DisableScriptedObjects (3ms)
			BackupInstance (0ms)
			ReleaseScriptingObjects (0ms)
			CreateAndSetChildDomain (12ms)
		EndReloadAssembly (561ms)
			LoadAssemblies (54ms)
			RebuildTransferFunctionScriptingTraits (0ms)
			SetupTypeCache (150ms)
			ReleaseScriptCaches (0ms)
			RebuildScriptCaches (32ms)
			SetupLoadedEditorAssemblies (306ms)
				LogAssemblyErrors (0ms)
				InitializePlatformSupportModulesInManaged (3ms)
				SetLoadedEditorAssemblies (0ms)
				RefreshPlugins (60ms)
				BeforeProcessingInitializeOnLoad (51ms)
				ProcessInitializeOnLoadAttributes (140ms)
				ProcessInitializeOnLoadMethodAttributes (49ms)
				AfterProcessingInitializeOnLoad (3ms)
				EditorAssembliesLoaded (0ms)
			ExecutionOrderSort2 (0ms)
			AwakeInstancesAfterBackupRestoration (4ms)
Platform modules already initialized, skipping
========================================================================
Worker process is ready to serve import requests
Launched and connected shader compiler UnityShaderCompiler.exe after 0.03 seconds
Refreshing native plugins compatible for Editor in 0.52 ms, found 3 plugins.
Preloading 0 native plugins for Editor in 0.00 ms.
Unloading 4724 Unused Serialized files (Serialized files now loaded: 0)
Unloading 28 unused Assets / (347.2 KB). Loaded Objects now: 5197.
Memory consumption went from 200.5 MB to 200.2 MB.
Total: 2.353400 ms (FindLiveObjects: 0.211000 ms CreateObjectMapping: 0.111000 ms MarkObjects: 1.922000 ms  DeleteObjects: 0.107400 ms)

AssetImportParameters requested are different than current active one (requested -> active):
  custom:video-decoder-ogg-theora: a1e56fd34408186e4bbccfd4996cb3dc -> 
  custom:container-muxer-webm: aa71ff27fc2769a1b78a27578f13a17b -> 
  custom:container-demuxer-webm: 4f35f7cbe854078d1ac9338744f61a02 -> 
  custom:video-encoder-webm-vp8: eb34c28f22e8b96e1ab97ce403110664 -> 
  custom:audio-encoder-webm-vorbis: bf7c407c2cedff20999df2af8eb42d56 -> 
  custom:framework-win-MediaFoundation: 216162199b28c13a410421893ffa2e32 -> 
  custom:container-demuxer-ogg: 62fdf1f143b41e24485cea50d1cbac27 -> 
  custom:video-decoder-webm-vp8: 9c59270c3fd7afecdb556c50c9e8de78 -> 
  custom:audio-decoder-ogg-vorbis: bf7c407c2cedff20999df2af8eb42d56 -> 
========================================================================
Received Import Request.
  Time since last request: 8540.728653 seconds.
  path: Assets/source
  artifactKey: Guid(3a57f1e96b627dc4a849ce0a44b37185) Importer(815301076,1909f56bfc062723c751e8b465ee728b)
Start importing Assets/source using Guid(3a57f1e96b627dc4a849ce0a44b37185) Importer(815301076,1909f56bfc062723c751e8b465ee728b)  -> (artifact id: 'f9acf86fda56f35ae32fea7b53932ef7') in 0.012483 seconds 
========================================================================
Received Import Request.
  Time since last request: 1.848313 seconds.
  path: Assets/Materials
  artifactKey: Guid(ef28df946de28cc4495adf3724b18df0) Importer(815301076,1909f56bfc062723c751e8b465ee728b)
Start importing Assets/Materials using Guid(ef28df946de28cc4495adf3724b18df0) Importer(815301076,1909f56bfc062723c751e8b465ee728b)  -> (artifact id: '8dc9d1bae940541cf4778a11dc415eb0') in 0.006789 seconds 
========================================================================
Received Import Request.
  Time since last request: 0.061661 seconds.
  path: Assets/Materials/CombinedNormal_8BIT_PNG.mat
  artifactKey: Guid(df1dff3128101ca4998391b15faecfa4) Importer(815301076,1909f56bfc062723c751e8b465ee728b)
Start importing Assets/Materials/CombinedNormal_8BIT_PNG.mat using Guid(df1dff3128101ca4998391b15faecfa4) Importer(815301076,1909f56bfc062723c751e8b465ee728b)  -> (artifact id: '7bd03572c4f6bd00cc2804d36c143229') in 0.203838 seconds 
========================================================================
Received Import Request.
  Time since last request: 1.412902 seconds.
  path: Assets/Plugins
  artifactKey: Guid(f3ffe9cb38c20084ba05ef5a8af73a0f) Importer(815301076,1909f56bfc062723c751e8b465ee728b)
Start importing Assets/Plugins using Guid(f3ffe9cb38c20084ba05ef5a8af73a0f) Importer(815301076,1909f56bfc062723c751e8b465ee728b)  -> (artifact id: 'ddf355f35fdebf200bfc6254cbcefadd') in 0.006155 seconds 
========================================================================
Received Import Request.
  Time since last request: 1.495000 seconds.
  path: Assets/Plugins/THOR_Thunderstorm
  artifactKey: Guid(7d2b9708b5c547840a41abf468d527bf) Importer(815301076,1909f56bfc062723c751e8b465ee728b)
Start importing Assets/Plugins/THOR_Thunderstorm using Guid(7d2b9708b5c547840a41abf468d527bf) Importer(815301076,1909f56bfc062723c751e8b465ee728b)  -> (artifact id: '4e4e7f03f57e929a4629659fb4553b4b') in 0.006145 seconds 
========================================================================
Received Import Request.
  Time since last request: 0.053547 seconds.
  path: Assets/Plugins/THOR_Thunderstorm/THOR_Thunderstorm.prefab
  artifactKey: Guid(3dd129852f099cc4fafcf2cd4a30266e) Importer(815301076,1909f56bfc062723c751e8b465ee728b)
Start importing Assets/Plugins/THOR_Thunderstorm/THOR_Thunderstorm.prefab using Guid(3dd129852f099cc4fafcf2cd4a30266e) Importer(815301076,1909f56bfc062723c751e8b465ee728b)  -> (artifact id: '441060183c2eab82cd7d096efb60fada') in 0.013933 seconds 
========================================================================
Received Prepare
Registering precompiled user dll's ...
Registered in 0.003076 seconds.
Begin MonoManager ReloadAssembly
Native extension for WindowsStandalone target not found
Native extension for WebGL target not found
Refreshing native plugins compatible for Editor in 0.52 ms, found 3 plugins.
Preloading 0 native plugins for Editor in 0.00 ms.
Mono: successfully reloaded assembly
- Completed reload, in  0.683 seconds
Domain Reload Profiling:
	ReloadAssembly (684ms)
		BeginReloadAssembly (94ms)
			ExecutionOrderSort (0ms)
			DisableScriptedObjects (4ms)
			BackupInstance (0ms)
			ReleaseScriptingObjects (0ms)
			CreateAndSetChildDomain (28ms)
		EndReloadAssembly (526ms)
			LoadAssemblies (58ms)
			RebuildTransferFunctionScriptingTraits (0ms)
			SetupTypeCache (154ms)
			ReleaseScriptCaches (1ms)
			RebuildScriptCaches (27ms)
			SetupLoadedEditorAssemblies (238ms)
				LogAssemblyErrors (0ms)
				InitializePlatformSupportModulesInManaged (5ms)
				SetLoadedEditorAssemblies (0ms)
				RefreshPlugins (1ms)
				BeforeProcessingInitializeOnLoad (44ms)
				ProcessInitializeOnLoadAttributes (132ms)
				ProcessInitializeOnLoadMethodAttributes (53ms)
				AfterProcessingInitializeOnLoad (3ms)
				EditorAssembliesLoaded (0ms)
			ExecutionOrderSort2 (0ms)
			AwakeInstancesAfterBackupRestoration (16ms)
Platform modules already initialized, skipping
Refreshing native plugins compatible for Editor in 1.77 ms, found 3 plugins.
Preloading 0 native plugins for Editor in 0.00 ms.
Unloading 4595 Unused Serialized files (Serialized files now loaded: 0)
Unloading 21 unused Assets / (309.9 KB). Loaded Objects now: 5295.
Memory consumption went from 197.8 MB to 197.5 MB.
Total: 2.677000 ms (FindLiveObjects: 0.241100 ms CreateObjectMapping: 0.121400 ms MarkObjects: 2.263600 ms  DeleteObjects: 0.049600 ms)

AssetImportParameters requested are different than current active one (requested -> active):
  custom:video-decoder-ogg-theora: a1e56fd34408186e4bbccfd4996cb3dc -> 
  custom:container-muxer-webm: aa71ff27fc2769a1b78a27578f13a17b -> 
  custom:container-demuxer-webm: 4f35f7cbe854078d1ac9338744f61a02 -> 
  custom:video-encoder-webm-vp8: eb34c28f22e8b96e1ab97ce403110664 -> 
  custom:audio-encoder-webm-vorbis: bf7c407c2cedff20999df2af8eb42d56 -> 
  custom:framework-win-MediaFoundation: 216162199b28c13a410421893ffa2e32 -> 
  custom:container-demuxer-ogg: 62fdf1f143b41e24485cea50d1cbac27 -> 
  custom:video-decoder-webm-vp8: 9c59270c3fd7afecdb556c50c9e8de78 -> 
  custom:audio-decoder-ogg-vorbis: bf7c407c2cedff20999df2af8eb42d56 -> 
========================================================================
Received Prepare
Registering precompiled user dll's ...
Registered in 0.002824 seconds.
Begin MonoManager ReloadAssembly
Native extension for WindowsStandalone target not found
Native extension for WebGL target not found
Refreshing native plugins compatible for Editor in 0.52 ms, found 3 plugins.
Preloading 0 native plugins for Editor in 0.00 ms.
Mono: successfully reloaded assembly
- Completed reload, in  0.682 seconds
Domain Reload Profiling:
	ReloadAssembly (683ms)
		BeginReloadAssembly (91ms)
			ExecutionOrderSort (0ms)
			DisableScriptedObjects (3ms)
			BackupInstance (0ms)
			ReleaseScriptingObjects (0ms)
			CreateAndSetChildDomain (25ms)
		EndReloadAssembly (534ms)
			LoadAssemblies (58ms)
			RebuildTransferFunctionScriptingTraits (0ms)
			SetupTypeCache (174ms)
			ReleaseScriptCaches (1ms)
			RebuildScriptCaches (25ms)
			SetupLoadedEditorAssemblies (234ms)
				LogAssemblyErrors (0ms)
				InitializePlatformSupportModulesInManaged (4ms)
				SetLoadedEditorAssemblies (0ms)
				RefreshPlugins (1ms)
				BeforeProcessingInitializeOnLoad (44ms)
				ProcessInitializeOnLoadAttributes (131ms)
				ProcessInitializeOnLoadMethodAttributes (51ms)
				AfterProcessingInitializeOnLoad (3ms)
				EditorAssembliesLoaded (0ms)
			ExecutionOrderSort2 (0ms)
			AwakeInstancesAfterBackupRestoration (12ms)
Platform modules already initialized, skipping
Refreshing native plugins compatible for Editor in 1.58 ms, found 3 plugins.
Preloading 0 native plugins for Editor in 0.00 ms.
Unloading 4595 Unused Serialized files (Serialized files now loaded: 0)
Unloading 21 unused Assets / (309.9 KB). Loaded Objects now: 5298.
Memory consumption went from 197.7 MB to 197.4 MB.
Total: 2.193600 ms (FindLiveObjects: 0.240300 ms CreateObjectMapping: 0.107100 ms MarkObjects: 1.796200 ms  DeleteObjects: 0.049100 ms)

AssetImportParameters requested are different than current active one (requested -> active):
  custom:video-decoder-ogg-theora: a1e56fd34408186e4bbccfd4996cb3dc -> 
  custom:container-muxer-webm: aa71ff27fc2769a1b78a27578f13a17b -> 
  custom:container-demuxer-webm: 4f35f7cbe854078d1ac9338744f61a02 -> 
  custom:video-encoder-webm-vp8: eb34c28f22e8b96e1ab97ce403110664 -> 
  custom:audio-encoder-webm-vorbis: bf7c407c2cedff20999df2af8eb42d56 -> 
  custom:framework-win-MediaFoundation: 216162199b28c13a410421893ffa2e32 -> 
  custom:container-demuxer-ogg: 62fdf1f143b41e24485cea50d1cbac27 -> 
  custom:video-decoder-webm-vp8: 9c59270c3fd7afecdb556c50c9e8de78 -> 
  custom:audio-decoder-ogg-vorbis: bf7c407c2cedff20999df2af8eb42d56 -> 
========================================================================
Received Import Request.
  Time since last request: 47.611097 seconds.
  path: Assets/Plugins/THOR_Thunderstorm/THOR_Thunderstorm Manual.pdf
  artifactKey: Guid(ffc0cd2b23f80f74091e886820f18f6a) Importer(815301076,1909f56bfc062723c751e8b465ee728b)
Start importing Assets/Plugins/THOR_Thunderstorm/THOR_Thunderstorm Manual.pdf using Guid(ffc0cd2b23f80f74091e886820f18f6a) Importer(815301076,1909f56bfc062723c751e8b465ee728b)  -> (artifact id: 'cb1b1a37b739de1f8e111c3517784f6a') in 0.025934 seconds 
========================================================================
Received Import Request.
  Time since last request: 7.634642 seconds.
  path: Assets/Plugins/THOR_Thunderstorm/Sources
  artifactKey: Guid(227220ee30a63ee4b9e438782d45db6f) Importer(815301076,1909f56bfc062723c751e8b465ee728b)
Start importing Assets/Plugins/THOR_Thunderstorm/Sources using Guid(227220ee30a63ee4b9e438782d45db6f) Importer(815301076,1909f56bfc062723c751e8b465ee728b)  -> (artifact id: '627fbc5a81c7f69d8bc1cc4585e79018') in 0.022419 seconds 
========================================================================
Received Import Request.
  Time since last request: 2.011720 seconds.
  path: Assets/Plugins/THOR_Thunderstorm/Sources/Meshes
  artifactKey: Guid(232c93b4c3b51b442ae29906882c81b2) Importer(815301076,1909f56bfc062723c751e8b465ee728b)
Start importing Assets/Plugins/THOR_Thunderstorm/Sources/Meshes using Guid(232c93b4c3b51b442ae29906882c81b2) Importer(815301076,1909f56bfc062723c751e8b465ee728b)  -> (artifact id: '519c017f79aefd9c72e7ca120e0f46bf') in 0.008457 seconds 
========================================================================
Received Import Request.
  Time since last request: 0.022206 seconds.
  path: Assets/Plugins/THOR_Thunderstorm/Sources/Meshes/THOR_LightningBolts.fbx
  artifactKey: Guid(94d512d69f80f104ca5f9c9ca9ef452d) Importer(815301076,1909f56bfc062723c751e8b465ee728b)
Start importing Assets/Plugins/THOR_Thunderstorm/Sources/Meshes/THOR_LightningBolts.fbx using Guid(94d512d69f80f104ca5f9c9ca9ef452d) Importer(815301076,1909f56bfc062723c751e8b465ee728b)  -> (artifact id: 'babf32d38bbb281335e0542f89df928e') in 0.225940 seconds 
========================================================================
Received Import Request.
  Time since last request: 7.191377 seconds.
  path: Assets/Plugins/THOR_Thunderstorm/Sources/Audio
  artifactKey: Guid(a9619454c2e595245acb6b3adf98d0e4) Importer(815301076,1909f56bfc062723c751e8b465ee728b)
Start importing Assets/Plugins/THOR_Thunderstorm/Sources/Audio using Guid(a9619454c2e595245acb6b3adf98d0e4) Importer(815301076,1909f56bfc062723c751e8b465ee728b)  -> (artifact id: 'd7e25119320c4c9852547daa78161030') in 0.005963 seconds 
========================================================================
Received Import Request.
  Time since last request: 0.031078 seconds.
  path: Assets/Plugins/THOR_Thunderstorm/Sources/Audio/THOR_Background_Loop_01.wav
  artifactKey: Guid(dc9117285fe8670488a7a83c7deeb001) Importer(815301076,1909f56bfc062723c751e8b465ee728b)
Start importing Assets/Plugins/THOR_Thunderstorm/Sources/Audio/THOR_Background_Loop_01.wav using Guid(dc9117285fe8670488a7a83c7deeb001) Importer(815301076,1909f56bfc062723c751e8b465ee728b)  -> (artifact id: '815214c4b454e96f4dac796d717703c1') in 0.026820 seconds 
========================================================================
Received Import Request.
  Time since last request: 0.000022 seconds.
  path: Assets/Plugins/THOR_Thunderstorm/Sources/Audio/THOR_Far_06.wav
  artifactKey: Guid(740e52380fb73354a82f72a0f304bdb2) Importer(815301076,1909f56bfc062723c751e8b465ee728b)
Start importing Assets/Plugins/THOR_Thunderstorm/Sources/Audio/THOR_Far_06.wav using Guid(740e52380fb73354a82f72a0f304bdb2) Importer(815301076,1909f56bfc062723c751e8b465ee728b)  -> (artifact id: '49a17c6d56fd3920bc9d4afebe78fe79') in 0.033706 seconds 
========================================================================
Received Import Request.
  Time since last request: 0.000022 seconds.
  path: Assets/Plugins/THOR_Thunderstorm/Sources/Audio/THOR_Medium_06.wav
  artifactKey: Guid(69bc045502163f8448082f9541f8405a) Importer(815301076,1909f56bfc062723c751e8b465ee728b)
Start importing Assets/Plugins/THOR_Thunderstorm/Sources/Audio/THOR_Medium_06.wav using Guid(69bc045502163f8448082f9541f8405a) Importer(815301076,1909f56bfc062723c751e8b465ee728b)  -> (artifact id: '256b4b4311f1ae2a57b0bdfdfdf43351') in 0.030330 seconds 
========================================================================
Received Import Request.
  Time since last request: 0.000019 seconds.
  path: Assets/Plugins/THOR_Thunderstorm/Sources/Audio/THOR_VeryNear_05.wav
  artifactKey: Guid(16de65e58a571bf48bf37bdf3536f747) Importer(815301076,1909f56bfc062723c751e8b465ee728b)
Start importing Assets/Plugins/THOR_Thunderstorm/Sources/Audio/THOR_VeryNear_05.wav using Guid(16de65e58a571bf48bf37bdf3536f747) Importer(815301076,1909f56bfc062723c751e8b465ee728b)  -> (artifact id: 'e1040946b72a5fc52a5a4f5eee04ab48') in 0.017306 seconds 
========================================================================
Received Import Request.
  Time since last request: 0.000017 seconds.
  path: Assets/Plugins/THOR_Thunderstorm/Sources/Audio/THOR_Far_04.wav
  artifactKey: Guid(dbfc671c680bd6f489ba855643e63040) Importer(815301076,1909f56bfc062723c751e8b465ee728b)
Start importing Assets/Plugins/THOR_Thunderstorm/Sources/Audio/THOR_Far_04.wav using Guid(dbfc671c680bd6f489ba855643e63040) Importer(815301076,1909f56bfc062723c751e8b465ee728b)  -> (artifact id: 'ed6d6d26af3440efa93b710772f4cfd9') in 0.051764 seconds 
========================================================================
Received Import Request.
  Time since last request: 0.000020 seconds.
  path: Assets/Plugins/THOR_Thunderstorm/Sources/Audio/THOR_VeryNear_03.wav
  artifactKey: Guid(1a1c2067f23c1974e8d6013cd098ac62) Importer(815301076,1909f56bfc062723c751e8b465ee728b)
Start importing Assets/Plugins/THOR_Thunderstorm/Sources/Audio/THOR_VeryNear_03.wav using Guid(1a1c2067f23c1974e8d6013cd098ac62) Importer(815301076,1909f56bfc062723c751e8b465ee728b)  -> (artifact id: 'ecfc2400254c4ebb8724b43bb06608a0') in 0.017900 seconds 
========================================================================
Received Import Request.
  Time since last request: 0.000025 seconds.
  path: Assets/Plugins/THOR_Thunderstorm/Sources/Audio/THOR_VeryNear_01.wav
  artifactKey: Guid(a8adacf960e54c641a271d426255765f) Importer(815301076,1909f56bfc062723c751e8b465ee728b)
Start importing Assets/Plugins/THOR_Thunderstorm/Sources/Audio/THOR_VeryNear_01.wav using Guid(a8adacf960e54c641a271d426255765f) Importer(815301076,1909f56bfc062723c751e8b465ee728b)  -> (artifact id: '92e19495396bb1cd672e10f71ba98e36') in 0.022794 seconds 
========================================================================
Received Import Request.
  Time since last request: 0.000017 seconds.
  path: Assets/Plugins/THOR_Thunderstorm/Sources/Audio/THOR_Far_07.wav
  artifactKey: Guid(c1d44ac84d64f0b4d85a57d3d50b3e7f) Importer(815301076,1909f56bfc062723c751e8b465ee728b)
Start importing Assets/Plugins/THOR_Thunderstorm/Sources/Audio/THOR_Far_07.wav using Guid(c1d44ac84d64f0b4d85a57d3d50b3e7f) Importer(815301076,1909f56bfc062723c751e8b465ee728b)  -> (artifact id: '42bbb948bf83a46708ee94b9c48e9a10') in 0.040371 seconds 
========================================================================
Received Import Request.
  Time since last request: 0.000020 seconds.
  path: Assets/Plugins/THOR_Thunderstorm/Sources/Audio/THOR_Medium_02.wav
  artifactKey: Guid(a3e9153864738e445a2ffd384a5f80ab) Importer(815301076,1909f56bfc062723c751e8b465ee728b)
Start importing Assets/Plugins/THOR_Thunderstorm/Sources/Audio/THOR_Medium_02.wav using Guid(a3e9153864738e445a2ffd384a5f80ab) Importer(815301076,1909f56bfc062723c751e8b465ee728b)  -> (artifact id: '855da08187643ac555d15a524c391ff6') in 0.066728 seconds 
========================================================================
Received Import Request.
  Time since last request: 0.000018 seconds.
  path: Assets/Plugins/THOR_Thunderstorm/Sources/Audio/THOR_Near_03.wav
  artifactKey: Guid(baec4cf29637d0e489fb8e34332d0364) Importer(815301076,1909f56bfc062723c751e8b465ee728b)
Start importing Assets/Plugins/THOR_Thunderstorm/Sources/Audio/THOR_Near_03.wav using Guid(baec4cf29637d0e489fb8e34332d0364) Importer(815301076,1909f56bfc062723c751e8b465ee728b)  -> (artifact id: '4db23f3db1c47b4667a7b2383de22927') in 0.016396 seconds 
========================================================================
Received Import Request.
  Time since last request: 0.000020 seconds.
  path: Assets/Plugins/THOR_Thunderstorm/Sources/Audio/THOR_Far_01.wav
  artifactKey: Guid(b2b7a581d27126e4f8d628fb9ebe4a6f) Importer(815301076,1909f56bfc062723c751e8b465ee728b)
Start importing Assets/Plugins/THOR_Thunderstorm/Sources/Audio/THOR_Far_01.wav using Guid(b2b7a581d27126e4f8d628fb9ebe4a6f) Importer(815301076,1909f56bfc062723c751e8b465ee728b)  -> (artifact id: 'aeb388515bc8211ea2ff6d1f867df0ff') in 0.013310 seconds 
========================================================================
Received Import Request.
  Time since last request: 0.000020 seconds.
  path: Assets/Plugins/THOR_Thunderstorm/Sources/Audio/THOR_Medium_05.wav
  artifactKey: Guid(5271664a916b59d4b9c6863a1de84b7a) Importer(815301076,1909f56bfc062723c751e8b465ee728b)
Start importing Assets/Plugins/THOR_Thunderstorm/Sources/Audio/THOR_Medium_05.wav using Guid(5271664a916b59d4b9c6863a1de84b7a) Importer(815301076,1909f56bfc062723c751e8b465ee728b)  -> (artifact id: '7897411788cfbe087db7818e0158ffaa') in 0.014315 seconds 
========================================================================
Received Import Request.
  Time since last request: 0.000018 seconds.
  path: Assets/Plugins/THOR_Thunderstorm/Sources/Audio/THOR_Far_05.wav
  artifactKey: Guid(9ab71aec8ae800845b67a2af6af472e1) Importer(815301076,1909f56bfc062723c751e8b465ee728b)
Start importing Assets/Plugins/THOR_Thunderstorm/Sources/Audio/THOR_Far_05.wav using Guid(9ab71aec8ae800845b67a2af6af472e1) Importer(815301076,1909f56bfc062723c751e8b465ee728b)  -> (artifact id: 'e5f6c033d4d739202696193c01bd7d1b') in 0.012127 seconds 
========================================================================
Received Import Request.
  Time since last request: 0.000019 seconds.
  path: Assets/Plugins/THOR_Thunderstorm/Sources/Audio/THOR_Far_09.wav
  artifactKey: Guid(0b922444aa5780442a3ac1971c4bf696) Importer(815301076,1909f56bfc062723c751e8b465ee728b)
Start importing Assets/Plugins/THOR_Thunderstorm/Sources/Audio/THOR_Far_09.wav using Guid(0b922444aa5780442a3ac1971c4bf696) Importer(815301076,1909f56bfc062723c751e8b465ee728b)  -> (artifact id: '67e3ed2fdc01ece17b20ad76d935d8d0') in 0.014385 seconds 
Editor requested this worker to shutdown with reason: Scaling down because of idle timeout
AssetImportWorker is now disconnected from the server
Process exiting
Exiting without the bug reporter. Application will terminate with return code 0