Using pre-set license
Built from '2021.3/staging' branch; Version is '2021.3.20f1 (577897200b8b) revision 5732503'; Using compiler version '192829333'; Build Type 'Release'
OS: 'Windows 11  (10.0.22000) 64bit CoreSingleLanguage' Language: 'ru' Physical Memory: 32537 MB
BatchMode: 1, IsHumanControllingUs: 0, StartBugReporterOnCrash: 0, Is64bit: 1, IsPro: 1

COMMAND LINE ARGUMENTS:
C:\Program Files\Unity\Hub\Editor\2021.3.20f1\Editor\Unity.exe
-adb2
-batchMode
-noUpm
-name
AssetImportWorker11
-projectPath
C:/Users/schuc/SnowFlakeProject
-logFile
Logs/AssetImportWorker11.log
-srvPort
55007
Successfully changed project path to: C:/Users/schuc/SnowFlakeProject
C:/Users/schuc/SnowFlakeProject
[UnityMemory] Configuration Parameters - Can be set up in boot.config
    "memorysetup-bucket-allocator-granularity=16"
    "memorysetup-bucket-allocator-bucket-count=8"
    "memorysetup-bucket-allocator-block-size=33554432"
    "memorysetup-bucket-allocator-block-count=8"
    "memorysetup-main-allocator-block-size=16777216"
    "memorysetup-thread-allocator-block-size=16777216"
    "memorysetup-gfx-main-allocator-block-size=16777216"
    "memorysetup-gfx-thread-allocator-block-size=16777216"
    "memorysetup-cache-allocator-block-size=4194304"
    "memorysetup-typetree-allocator-block-size=2097152"
    "memorysetup-profiler-bucket-allocator-granularity=16"
    "memorysetup-profiler-bucket-allocator-bucket-count=8"
    "memorysetup-profiler-bucket-allocator-block-size=33554432"
    "memorysetup-profiler-bucket-allocator-block-count=8"
    "memorysetup-profiler-allocator-block-size=16777216"
    "memorysetup-profiler-editor-allocator-block-size=1048576"
    "memorysetup-temp-allocator-size-main=16777216"
    "memorysetup-job-temp-allocator-block-size=2097152"
    "memorysetup-job-temp-allocator-block-size-background=1048576"
    "memorysetup-job-temp-allocator-reduction-small-platforms=262144"
    "memorysetup-temp-allocator-size-background-worker=32768"
    "memorysetup-temp-allocator-size-job-worker=262144"
    "memorysetup-temp-allocator-size-preload-manager=33554432"
    "memorysetup-temp-allocator-size-nav-mesh-worker=65536"
    "memorysetup-temp-allocator-size-audio-worker=65536"
    "memorysetup-temp-allocator-size-cloud-worker=32768"
    "memorysetup-temp-allocator-size-gi-baking-worker=262144"
    "memorysetup-temp-allocator-size-gfx=262144"
Player connection [6972] Host "[IP] 192.168.56.1 [Port] 0 [Flags] 2 [Guid] 309020998 [EditorId] 309020998 [Version] 1048832 [Id] WindowsEditor(7,MSI) [Debug] 1 [PackageName] WindowsEditor [ProjectName] Editor" joined multi-casting on [225.0.0.222:54997]...

Player connection [6972] Host "[IP] 192.168.56.1 [Port] 0 [Flags] 2 [Guid] 309020998 [EditorId] 309020998 [Version] 1048832 [Id] WindowsEditor(7,MSI) [Debug] 1 [PackageName] WindowsEditor [ProjectName] Editor" joined alternative multi-casting on [225.0.0.222:34997]...

Refreshing native plugins compatible for Editor in 65.63 ms, found 3 plugins.
Preloading 0 native plugins for Editor in 0.00 ms.
Initialize engine version: 2021.3.20f1 (577897200b8b)
[Subsystems] Discovering subsystems at path C:/Program Files/Unity/Hub/Editor/2021.3.20f1/Editor/Data/Resources/UnitySubsystems
[Subsystems] Discovering subsystems at path C:/Users/schuc/SnowFlakeProject/Assets
GfxDevice: creating device client; threaded=0; jobified=0
Direct3D:
    Version:  Direct3D 11.0 [level 11.1]
    Renderer: NVIDIA GeForce RTX 3080 Ti Laptop GPU (ID=0x2420)
    Vendor:   NVIDIA
    VRAM:     16189 MB
    Driver:   31.0.15.3141
Initialize mono
Mono path[0] = 'C:/Program Files/Unity/Hub/Editor/2021.3.20f1/Editor/Data/Managed'
Mono path[1] = 'C:/Program Files/Unity/Hub/Editor/2021.3.20f1/Editor/Data/MonoBleedingEdge/lib/mono/unityjit-win32'
Mono config path = 'C:/Program Files/Unity/Hub/Editor/2021.3.20f1/Editor/Data/MonoBleedingEdge/etc'
Using monoOptions --debugger-agent=transport=dt_socket,embedding=1,server=y,suspend=n,address=127.0.0.1:56840
Begin MonoManager ReloadAssembly
Registering precompiled unity dll's ...
Register platform support module: C:/Program Files/Unity/Hub/Editor/2021.3.20f1/Editor/Data/PlaybackEngines/WebGLSupport/UnityEditor.WebGL.Extensions.dll
Register platform support module: C:/Program Files/Unity/Hub/Editor/2021.3.20f1/Editor/Data/PlaybackEngines/WindowsStandaloneSupport/UnityEditor.WindowsStandalone.Extensions.dll
Registered in 0.002926 seconds.
Native extension for WindowsStandalone target not found
Native extension for WebGL target not found
Refreshing native plugins compatible for Editor in 64.35 ms, found 3 plugins.
Preloading 0 native plugins for Editor in 0.00 ms.
Mono: successfully reloaded assembly
- Completed reload, in  0.419 seconds
Domain Reload Profiling:
	ReloadAssembly (420ms)
		BeginReloadAssembly (56ms)
			ExecutionOrderSort (0ms)
			DisableScriptedObjects (0ms)
			BackupInstance (0ms)
			ReleaseScriptingObjects (0ms)
			CreateAndSetChildDomain (0ms)
		EndReloadAssembly (299ms)
			LoadAssemblies (55ms)
			RebuildTransferFunctionScriptingTraits (0ms)
			SetupTypeCache (71ms)
			ReleaseScriptCaches (0ms)
			RebuildScriptCaches (17ms)
			SetupLoadedEditorAssemblies (178ms)
				LogAssemblyErrors (0ms)
				InitializePlatformSupportModulesInManaged (6ms)
				SetLoadedEditorAssemblies (0ms)
				RefreshPlugins (64ms)
				BeforeProcessingInitializeOnLoad (1ms)
				ProcessInitializeOnLoadAttributes (78ms)
				ProcessInitializeOnLoadMethodAttributes (29ms)
				AfterProcessingInitializeOnLoad (0ms)
				EditorAssembliesLoaded (0ms)
			ExecutionOrderSort2 (0ms)
			AwakeInstancesAfterBackupRestoration (0ms)
Platform modules already initialized, skipping
Registering precompiled user dll's ...
Registered in 0.003865 seconds.
Begin MonoManager ReloadAssembly
Native extension for WindowsStandalone target not found
Native extension for WebGL target not found
Refreshing native plugins compatible for Editor in 70.97 ms, found 3 plugins.
Preloading 0 native plugins for Editor in 0.00 ms.
Mono: successfully reloaded assembly
- Completed reload, in  0.757 seconds
Domain Reload Profiling:
	ReloadAssembly (757ms)
		BeginReloadAssembly (75ms)
			ExecutionOrderSort (0ms)
			DisableScriptedObjects (3ms)
			BackupInstance (0ms)
			ReleaseScriptingObjects (0ms)
			CreateAndSetChildDomain (14ms)
		EndReloadAssembly (614ms)
			LoadAssemblies (57ms)
			RebuildTransferFunctionScriptingTraits (0ms)
			SetupTypeCache (162ms)
			ReleaseScriptCaches (0ms)
			RebuildScriptCaches (36ms)
			SetupLoadedEditorAssemblies (338ms)
				LogAssemblyErrors (0ms)
				InitializePlatformSupportModulesInManaged (3ms)
				SetLoadedEditorAssemblies (0ms)
				RefreshPlugins (71ms)
				BeforeProcessingInitializeOnLoad (63ms)
				ProcessInitializeOnLoadAttributes (148ms)
				ProcessInitializeOnLoadMethodAttributes (50ms)
				AfterProcessingInitializeOnLoad (3ms)
				EditorAssembliesLoaded (0ms)
			ExecutionOrderSort2 (0ms)
			AwakeInstancesAfterBackupRestoration (4ms)
Platform modules already initialized, skipping
========================================================================
Worker process is ready to serve import requests
Launched and connected shader compiler UnityShaderCompiler.exe after 0.03 seconds
Refreshing native plugins compatible for Editor in 0.89 ms, found 3 plugins.
Preloading 0 native plugins for Editor in 0.00 ms.
Unloading 4724 Unused Serialized files (Serialized files now loaded: 0)
Unloading 28 unused Assets / (347.2 KB). Loaded Objects now: 5197.
Memory consumption went from 200.6 MB to 200.3 MB.
Total: 3.383000 ms (FindLiveObjects: 0.295500 ms CreateObjectMapping: 0.226900 ms MarkObjects: 2.695900 ms  DeleteObjects: 0.163600 ms)

AssetImportParameters requested are different than current active one (requested -> active):
  custom:video-decoder-ogg-theora: a1e56fd34408186e4bbccfd4996cb3dc -> 
  custom:container-muxer-webm: aa71ff27fc2769a1b78a27578f13a17b -> 
  custom:container-demuxer-webm: 4f35f7cbe854078d1ac9338744f61a02 -> 
  custom:video-encoder-webm-vp8: eb34c28f22e8b96e1ab97ce403110664 -> 
  custom:audio-encoder-webm-vorbis: bf7c407c2cedff20999df2af8eb42d56 -> 
  custom:framework-win-MediaFoundation: 216162199b28c13a410421893ffa2e32 -> 
  custom:container-demuxer-ogg: 62fdf1f143b41e24485cea50d1cbac27 -> 
  custom:video-decoder-webm-vp8: 9c59270c3fd7afecdb556c50c9e8de78 -> 
  custom:audio-decoder-ogg-vorbis: bf7c407c2cedff20999df2af8eb42d56 -> 
========================================================================
Received Import Request.
  Time since last request: 10698.502191 seconds.
  path: Assets/SnowMan1/ble.jpg
  artifactKey: Guid(f7a83325a90beda42a1f4cc00692a551) Importer(815301076,1909f56bfc062723c751e8b465ee728b)
Start importing Assets/SnowMan1/ble.jpg using Guid(f7a83325a90beda42a1f4cc00692a551) Importer(815301076,1909f56bfc062723c751e8b465ee728b)  -> (artifact id: '99eb3bc431d811000e3220fe80eacc9d') in 0.070892 seconds 
========================================================================
Received Import Request.
  Time since last request: 0.000027 seconds.
  path: Assets/WinterNature/Textures/Flora/Conifer2_D.tga
  artifactKey: Guid(10d4138984a649b438ee8edede82406f) Importer(815301076,1909f56bfc062723c751e8b465ee728b)
Start importing Assets/WinterNature/Textures/Flora/Conifer2_D.tga using Guid(10d4138984a649b438ee8edede82406f) Importer(815301076,1909f56bfc062723c751e8b465ee728b)  -> (artifact id: '3db3ed6f21ec2e4feb89657d8bcc7e21') in 0.036177 seconds 
========================================================================
Received Import Request.
  Time since last request: 0.000027 seconds.
  path: Assets/WinterNature/Prefabs/conifer2.prefab
  artifactKey: Guid(704badf2fb9d13749b70e9458ea059a8) Importer(815301076,1909f56bfc062723c751e8b465ee728b)
Start importing Assets/WinterNature/Prefabs/conifer2.prefab using Guid(704badf2fb9d13749b70e9458ea059a8) Importer(815301076,1909f56bfc062723c751e8b465ee728b)  -> (artifact id: '2393f57dc549218f764ec12fc954c983') in 0.208541 seconds 
========================================================================
Received Import Request.
  Time since last request: 257.086276 seconds.
  path: Assets/Enviro - Dynamic Enviroment
  artifactKey: Guid(98a26dfc4087d994db5b840738b1ea5a) Importer(815301076,1909f56bfc062723c751e8b465ee728b)
Start importing Assets/Enviro - Dynamic Enviroment using Guid(98a26dfc4087d994db5b840738b1ea5a) Importer(815301076,1909f56bfc062723c751e8b465ee728b)  -> (artifact id: '9bc2cf06101ee966a7b5734334ae9c97') in 0.010480 seconds 
========================================================================
Received Prepare
Registering precompiled user dll's ...
Registered in 0.003112 seconds.
Begin MonoManager ReloadAssembly
Native extension for WindowsStandalone target not found
Native extension for WebGL target not found
Refreshing native plugins compatible for Editor in 0.56 ms, found 3 plugins.
Preloading 0 native plugins for Editor in 0.00 ms.
Mono: successfully reloaded assembly
- Completed reload, in  0.715 seconds
Domain Reload Profiling:
	ReloadAssembly (715ms)
		BeginReloadAssembly (98ms)
			ExecutionOrderSort (0ms)
			DisableScriptedObjects (5ms)
			BackupInstance (0ms)
			ReleaseScriptingObjects (0ms)
			CreateAndSetChildDomain (32ms)
		EndReloadAssembly (559ms)
			LoadAssemblies (54ms)
			RebuildTransferFunctionScriptingTraits (0ms)
			SetupTypeCache (163ms)
			ReleaseScriptCaches (1ms)
			RebuildScriptCaches (31ms)
			SetupLoadedEditorAssemblies (258ms)
				LogAssemblyErrors (0ms)
				InitializePlatformSupportModulesInManaged (4ms)
				SetLoadedEditorAssemblies (0ms)
				RefreshPlugins (1ms)
				BeforeProcessingInitializeOnLoad (54ms)
				ProcessInitializeOnLoadAttributes (144ms)
				ProcessInitializeOnLoadMethodAttributes (51ms)
				AfterProcessingInitializeOnLoad (3ms)
				EditorAssembliesLoaded (0ms)
			ExecutionOrderSort2 (0ms)
			AwakeInstancesAfterBackupRestoration (16ms)
Platform modules already initialized, skipping
Refreshing native plugins compatible for Editor in 1.21 ms, found 3 plugins.
Preloading 0 native plugins for Editor in 0.00 ms.
Unloading 4595 Unused Serialized files (Serialized files now loaded: 0)
Unloading 21 unused Assets / (309.8 KB). Loaded Objects now: 5264.
Memory consumption went from 197.7 MB to 197.4 MB.
Total: 2.284900 ms (FindLiveObjects: 0.217700 ms CreateObjectMapping: 0.125400 ms MarkObjects: 1.886800 ms  DeleteObjects: 0.053800 ms)

AssetImportParameters requested are different than current active one (requested -> active):
  custom:video-decoder-ogg-theora: a1e56fd34408186e4bbccfd4996cb3dc -> 
  custom:container-muxer-webm: aa71ff27fc2769a1b78a27578f13a17b -> 
  custom:container-demuxer-webm: 4f35f7cbe854078d1ac9338744f61a02 -> 
  custom:video-encoder-webm-vp8: eb34c28f22e8b96e1ab97ce403110664 -> 
  custom:audio-encoder-webm-vorbis: bf7c407c2cedff20999df2af8eb42d56 -> 
  custom:framework-win-MediaFoundation: 216162199b28c13a410421893ffa2e32 -> 
  custom:container-demuxer-ogg: 62fdf1f143b41e24485cea50d1cbac27 -> 
  custom:video-decoder-webm-vp8: 9c59270c3fd7afecdb556c50c9e8de78 -> 
  custom:audio-decoder-ogg-vorbis: bf7c407c2cedff20999df2af8eb42d56 -> 
========================================================================
Received Prepare
Registering precompiled user dll's ...
Registered in 0.005125 seconds.
Begin MonoManager ReloadAssembly
Native extension for WindowsStandalone target not found
Native extension for WebGL target not found
Refreshing native plugins compatible for Editor in 0.58 ms, found 3 plugins.
Preloading 0 native plugins for Editor in 0.00 ms.
Mono: successfully reloaded assembly
- Completed reload, in  0.672 seconds
Domain Reload Profiling:
	ReloadAssembly (672ms)
		BeginReloadAssembly (87ms)
			ExecutionOrderSort (0ms)
			DisableScriptedObjects (3ms)
			BackupInstance (0ms)
			ReleaseScriptingObjects (0ms)
			CreateAndSetChildDomain (24ms)
		EndReloadAssembly (527ms)
			LoadAssemblies (55ms)
			RebuildTransferFunctionScriptingTraits (0ms)
			SetupTypeCache (157ms)
			ReleaseScriptCaches (1ms)
			RebuildScriptCaches (25ms)
			SetupLoadedEditorAssemblies (243ms)
				LogAssemblyErrors (0ms)
				InitializePlatformSupportModulesInManaged (5ms)
				SetLoadedEditorAssemblies (0ms)
				RefreshPlugins (1ms)
				BeforeProcessingInitializeOnLoad (45ms)
				ProcessInitializeOnLoadAttributes (136ms)
				ProcessInitializeOnLoadMethodAttributes (52ms)
				AfterProcessingInitializeOnLoad (3ms)
				EditorAssembliesLoaded (0ms)
			ExecutionOrderSort2 (0ms)
			AwakeInstancesAfterBackupRestoration (13ms)
Platform modules already initialized, skipping
Refreshing native plugins compatible for Editor in 1.21 ms, found 3 plugins.
Preloading 0 native plugins for Editor in 0.00 ms.
Unloading 4595 Unused Serialized files (Serialized files now loaded: 0)
Unloading 21 unused Assets / (309.8 KB). Loaded Objects now: 5267.
Memory consumption went from 197.7 MB to 197.3 MB.
Total: 2.220200 ms (FindLiveObjects: 0.219100 ms CreateObjectMapping: 0.127300 ms MarkObjects: 1.826000 ms  DeleteObjects: 0.046900 ms)

AssetImportParameters requested are different than current active one (requested -> active):
  custom:video-decoder-ogg-theora: a1e56fd34408186e4bbccfd4996cb3dc -> 
  custom:container-muxer-webm: aa71ff27fc2769a1b78a27578f13a17b -> 
  custom:container-demuxer-webm: 4f35f7cbe854078d1ac9338744f61a02 -> 
  custom:video-encoder-webm-vp8: eb34c28f22e8b96e1ab97ce403110664 -> 
  custom:audio-encoder-webm-vorbis: bf7c407c2cedff20999df2af8eb42d56 -> 
  custom:framework-win-MediaFoundation: 216162199b28c13a410421893ffa2e32 -> 
  custom:container-demuxer-ogg: 62fdf1f143b41e24485cea50d1cbac27 -> 
  custom:video-decoder-webm-vp8: 9c59270c3fd7afecdb556c50c9e8de78 -> 
  custom:audio-decoder-ogg-vorbis: bf7c407c2cedff20999df2af8eb42d56 -> 
========================================================================
Received Import Request.
  Time since last request: 130.449872 seconds.
  path: Assets/Enviro - Dynamic Enviroment/Scripts
  artifactKey: Guid(57c03d59997c8c74490ee542a499888d) Importer(815301076,1909f56bfc062723c751e8b465ee728b)
Start importing Assets/Enviro - Dynamic Enviroment/Scripts using Guid(57c03d59997c8c74490ee542a499888d) Importer(815301076,1909f56bfc062723c751e8b465ee728b)  -> (artifact id: '51cf4e6e2897b69458af4146492f7d44') in 0.022665 seconds 
========================================================================
Received Import Request.
  Time since last request: 13.103952 seconds.
  path: Assets/Enviro - Dynamic Enviroment/Scripts/NetworkIntegration
  artifactKey: Guid(74d2467085674df4792d578d874c8536) Importer(815301076,1909f56bfc062723c751e8b465ee728b)
Start importing Assets/Enviro - Dynamic Enviroment/Scripts/NetworkIntegration using Guid(74d2467085674df4792d578d874c8536) Importer(815301076,1909f56bfc062723c751e8b465ee728b)  -> (artifact id: '42c6827bf88f8a572d53ea6a1c4ffca2') in 0.006119 seconds 
========================================================================
Received Import Request.
  Time since last request: 4.915722 seconds.
  path: Assets/Enviro - Dynamic Enviroment/Scripts/NetworkIntegration/EnviroUNetPlayer.cs
  artifactKey: Guid(95944110ac51cf44d977c5c2627ac362) Importer(815301076,1909f56bfc062723c751e8b465ee728b)
Start importing Assets/Enviro - Dynamic Enviroment/Scripts/NetworkIntegration/EnviroUNetPlayer.cs using Guid(95944110ac51cf44d977c5c2627ac362) Importer(815301076,1909f56bfc062723c751e8b465ee728b)  -> (artifact id: 'd3dc6d57a269ee043133104ba42c78f1') in 0.006872 seconds 
========================================================================
Received Import Request.
  Time since last request: 2.253539 seconds.
  path: Assets/Enviro - Dynamic Enviroment/Scripts/NetworkIntegration/EnviroUNetServer.cs
  artifactKey: Guid(e76527d89a1b908408bede482939128b) Importer(815301076,1909f56bfc062723c751e8b465ee728b)
Start importing Assets/Enviro - Dynamic Enviroment/Scripts/NetworkIntegration/EnviroUNetServer.cs using Guid(e76527d89a1b908408bede482939128b) Importer(815301076,1909f56bfc062723c751e8b465ee728b)  -> (artifact id: 'd04eb5d6a7b33e5f5cb0077f81675e6a') in 0.005851 seconds 
========================================================================
Received Import Request.
  Time since last request: 51.327377 seconds.
  path: Assets/Enviro - Dynamic Enviroment/Samples
  artifactKey: Guid(68abf95774856b74fb8b0fad005d89f9) Importer(815301076,1909f56bfc062723c751e8b465ee728b)
Start importing Assets/Enviro - Dynamic Enviroment/Samples using Guid(68abf95774856b74fb8b0fad005d89f9) Importer(815301076,1909f56bfc062723c751e8b465ee728b)  -> (artifact id: '46d6cd2ba093cb62869a6ba70969684d') in 0.008543 seconds 
========================================================================
Received Import Request.
  Time since last request: 0.035877 seconds.
  path: Assets/Enviro - Dynamic Enviroment/Samples/Sample Terrain.asset
  artifactKey: Guid(e15195546967a49488029c3d681757e8) Importer(815301076,1909f56bfc062723c751e8b465ee728b)
Start importing Assets/Enviro - Dynamic Enviroment/Samples/Sample Terrain.asset using Guid(e15195546967a49488029c3d681757e8) Importer(815301076,1909f56bfc062723c751e8b465ee728b)  -> (artifact id: 'fe4cdc532ec7c5a554c1d97627d183d2') in 0.134624 seconds 
========================================================================
Received Import Request.
  Time since last request: 1.893758 seconds.
  path: Assets/Enviro - Dynamic Enviroment/Samples/Scripts
  artifactKey: Guid(78f397a1604c45e4b82d8628e8518479) Importer(815301076,1909f56bfc062723c751e8b465ee728b)
Start importing Assets/Enviro - Dynamic Enviroment/Samples/Scripts using Guid(78f397a1604c45e4b82d8628e8518479) Importer(815301076,1909f56bfc062723c751e8b465ee728b)  -> (artifact id: '82702f91b3e15c6c79867f07b1a7703d') in 0.001376 seconds 
========================================================================
Received Import Request.
  Time since last request: 2.161514 seconds.
  path: Assets/Enviro - Dynamic Enviroment/Samples/Scripts/NetworkFPSController.cs
  artifactKey: Guid(05b779858f3d95b4aabf40dd13fdf3de) Importer(815301076,1909f56bfc062723c751e8b465ee728b)
Start importing Assets/Enviro - Dynamic Enviroment/Samples/Scripts/NetworkFPSController.cs using Guid(05b779858f3d95b4aabf40dd13fdf3de) Importer(815301076,1909f56bfc062723c751e8b465ee728b)  -> (artifact id: '091e49c93c93bfe64477303119447451') in 0.005692 seconds 
========================================================================
Received Import Request.
  Time since last request: 0.934719 seconds.
  path: Assets/Enviro - Dynamic Enviroment/Samples/Scripts/FPSController.cs
  artifactKey: Guid(aaa26f9af37e56b429b69fa2261e3d70) Importer(815301076,1909f56bfc062723c751e8b465ee728b)
Start importing Assets/Enviro - Dynamic Enviroment/Samples/Scripts/FPSController.cs using Guid(aaa26f9af37e56b429b69fa2261e3d70) Importer(815301076,1909f56bfc062723c751e8b465ee728b)  -> (artifact id: 'f076a376791fd13b610cb81d0e96bf38') in 0.007307 seconds 
========================================================================
Received Prepare
Registering precompiled user dll's ...
Registered in 0.004383 seconds.
Begin MonoManager ReloadAssembly
Native extension for WindowsStandalone target not found
Native extension for WebGL target not found
Refreshing native plugins compatible for Editor in 0.63 ms, found 3 plugins.
Preloading 0 native plugins for Editor in 0.00 ms.
Mono: successfully reloaded assembly
- Completed reload, in  0.686 seconds
Domain Reload Profiling:
	ReloadAssembly (687ms)
		BeginReloadAssembly (91ms)
			ExecutionOrderSort (0ms)
			DisableScriptedObjects (3ms)
			BackupInstance (0ms)
			ReleaseScriptingObjects (0ms)
			CreateAndSetChildDomain (28ms)
		EndReloadAssembly (534ms)
			LoadAssemblies (54ms)
			RebuildTransferFunctionScriptingTraits (0ms)
			SetupTypeCache (156ms)
			ReleaseScriptCaches (2ms)
			RebuildScriptCaches (26ms)
			SetupLoadedEditorAssemblies (246ms)
				LogAssemblyErrors (0ms)
				InitializePlatformSupportModulesInManaged (4ms)
				SetLoadedEditorAssemblies (0ms)
				RefreshPlugins (1ms)
				BeforeProcessingInitializeOnLoad (43ms)
				ProcessInitializeOnLoadAttributes (139ms)
				ProcessInitializeOnLoadMethodAttributes (56ms)
				AfterProcessingInitializeOnLoad (3ms)
				EditorAssembliesLoaded (0ms)
			ExecutionOrderSort2 (0ms)
			AwakeInstancesAfterBackupRestoration (14ms)
Platform modules already initialized, skipping
Refreshing native plugins compatible for Editor in 1.18 ms, found 3 plugins.
Preloading 0 native plugins for Editor in 0.00 ms.
Unloading 4654 Unused Serialized files (Serialized files now loaded: 0)
Unloading 41 unused Assets / (2.0 MB). Loaded Objects now: 5310.
Memory consumption went from 203.0 MB to 201.0 MB.
Total: 2.691800 ms (FindLiveObjects: 0.201700 ms CreateObjectMapping: 0.111000 ms MarkObjects: 1.838200 ms  DeleteObjects: 0.540400 ms)

AssetImportParameters requested are different than current active one (requested -> active):
  custom:video-decoder-ogg-theora: a1e56fd34408186e4bbccfd4996cb3dc -> 
  custom:container-muxer-webm: aa71ff27fc2769a1b78a27578f13a17b -> 
  custom:container-demuxer-webm: 4f35f7cbe854078d1ac9338744f61a02 -> 
  custom:video-encoder-webm-vp8: eb34c28f22e8b96e1ab97ce403110664 -> 
  custom:audio-encoder-webm-vorbis: bf7c407c2cedff20999df2af8eb42d56 -> 
  custom:framework-win-MediaFoundation: 216162199b28c13a410421893ffa2e32 -> 
  custom:container-demuxer-ogg: 62fdf1f143b41e24485cea50d1cbac27 -> 
  custom:video-decoder-webm-vp8: 9c59270c3fd7afecdb556c50c9e8de78 -> 
  custom:audio-decoder-ogg-vorbis: bf7c407c2cedff20999df2af8eb42d56 -> 
========================================================================
Received Prepare
Registering precompiled user dll's ...
Registered in 0.003076 seconds.
Begin MonoManager ReloadAssembly
Native extension for WindowsStandalone target not found
Native extension for WebGL target not found
Refreshing native plugins compatible for Editor in 0.59 ms, found 3 plugins.
Preloading 0 native plugins for Editor in 0.00 ms.
Mono: successfully reloaded assembly
- Completed reload, in  0.691 seconds
Domain Reload Profiling:
	ReloadAssembly (692ms)
		BeginReloadAssembly (90ms)
			ExecutionOrderSort (0ms)
			DisableScriptedObjects (3ms)
			BackupInstance (0ms)
			ReleaseScriptingObjects (0ms)
			CreateAndSetChildDomain (24ms)
		EndReloadAssembly (541ms)
			LoadAssemblies (56ms)
			RebuildTransferFunctionScriptingTraits (0ms)
			SetupTypeCache (157ms)
			ReleaseScriptCaches (1ms)
			RebuildScriptCaches (27ms)
			SetupLoadedEditorAssemblies (253ms)
				LogAssemblyErrors (0ms)
				InitializePlatformSupportModulesInManaged (5ms)
				SetLoadedEditorAssemblies (0ms)
				RefreshPlugins (1ms)
				BeforeProcessingInitializeOnLoad (47ms)
				ProcessInitializeOnLoadAttributes (144ms)
				ProcessInitializeOnLoadMethodAttributes (53ms)
				AfterProcessingInitializeOnLoad (3ms)
				EditorAssembliesLoaded (0ms)
			ExecutionOrderSort2 (0ms)
			AwakeInstancesAfterBackupRestoration (13ms)
Platform modules already initialized, skipping
Refreshing native plugins compatible for Editor in 1.35 ms, found 3 plugins.
Preloading 0 native plugins for Editor in 0.00 ms.
Unloading 4654 Unused Serialized files (Serialized files now loaded: 0)
Unloading 41 unused Assets / (2.0 MB). Loaded Objects now: 5313.
Memory consumption went from 202.9 MB to 200.9 MB.
Total: 2.869700 ms (FindLiveObjects: 0.227800 ms CreateObjectMapping: 0.126400 ms MarkObjects: 1.890900 ms  DeleteObjects: 0.623400 ms)

AssetImportParameters requested are different than current active one (requested -> active):
  custom:video-decoder-ogg-theora: a1e56fd34408186e4bbccfd4996cb3dc -> 
  custom:container-muxer-webm: aa71ff27fc2769a1b78a27578f13a17b -> 
  custom:container-demuxer-webm: 4f35f7cbe854078d1ac9338744f61a02 -> 
  custom:video-encoder-webm-vp8: eb34c28f22e8b96e1ab97ce403110664 -> 
  custom:audio-encoder-webm-vorbis: bf7c407c2cedff20999df2af8eb42d56 -> 
  custom:framework-win-MediaFoundation: 216162199b28c13a410421893ffa2e32 -> 
  custom:container-demuxer-ogg: 62fdf1f143b41e24485cea50d1cbac27 -> 
  custom:video-decoder-webm-vp8: 9c59270c3fd7afecdb556c50c9e8de78 -> 
  custom:audio-decoder-ogg-vorbis: bf7c407c2cedff20999df2af8eb42d56 -> 
========================================================================
Received Import Request.
  Time since last request: 62.776182 seconds.
  path: Assets/Enviro - Dynamic Enviroment/Textures
  artifactKey: Guid(b44ce573e951c3340adb0397713a067e) Importer(815301076,1909f56bfc062723c751e8b465ee728b)
Start importing Assets/Enviro - Dynamic Enviroment/Textures using Guid(b44ce573e951c3340adb0397713a067e) Importer(815301076,1909f56bfc062723c751e8b465ee728b)  -> (artifact id: '5d72cd545de5adb7e6cc51450a1f510c') in 0.010908 seconds 
========================================================================
Received Import Request.
  Time since last request: 0.030637 seconds.
  path: Assets/Enviro - Dynamic Enviroment/Textures/cube_enviro_galaxy.jpg
  artifactKey: Guid(12e8f6e76b98e2a41b7ac737b49f0d7d) Importer(815301076,1909f56bfc062723c751e8b465ee728b)
Start importing Assets/Enviro - Dynamic Enviroment/Textures/cube_enviro_galaxy.jpg using Guid(12e8f6e76b98e2a41b7ac737b49f0d7d) Importer(815301076,1909f56bfc062723c751e8b465ee728b)  -> (artifact id: '42928219119dd3309ed5ff28e969944d') in 0.201671 seconds 
========================================================================
Received Import Request.
  Time since last request: 0.000029 seconds.
  path: Assets/Enviro - Dynamic Enviroment/Textures/tex_enviro_cirrus.png
  artifactKey: Guid(724998a51cd1bcf438cdc5ca572beef4) Importer(815301076,1909f56bfc062723c751e8b465ee728b)
Start importing Assets/Enviro - Dynamic Enviroment/Textures/tex_enviro_cirrus.png using Guid(724998a51cd1bcf438cdc5ca572beef4) Importer(815301076,1909f56bfc062723c751e8b465ee728b)  -> (artifact id: '4a6a45e2db4e42693f2c507579017600') in 0.020017 seconds 
========================================================================
Received Import Request.
  Time since last request: 0.000025 seconds.
  path: Assets/Enviro - Dynamic Enviroment/Textures/enviro_lightning_glow.png
  artifactKey: Guid(95a0de51cb8f28443b94006f8eb5761b) Importer(815301076,1909f56bfc062723c751e8b465ee728b)
Start importing Assets/Enviro - Dynamic Enviroment/Textures/enviro_lightning_glow.png using Guid(95a0de51cb8f28443b94006f8eb5761b) Importer(815301076,1909f56bfc062723c751e8b465ee728b)  -> (artifact id: 'a2134939b43ae9779d19b93737897a9d') in 0.017421 seconds 
========================================================================
Received Import Request.
  Time since last request: 0.000022 seconds.
  path: Assets/Enviro - Dynamic Enviroment/Textures/enviro_dust_particles.png
  artifactKey: Guid(9cf2d915042b8da4ca019dad81942f71) Importer(815301076,1909f56bfc062723c751e8b465ee728b)
Start importing Assets/Enviro - Dynamic Enviroment/Textures/enviro_dust_particles.png using Guid(9cf2d915042b8da4ca019dad81942f71) Importer(815301076,1909f56bfc062723c751e8b465ee728b)  -> (artifact id: 'd9a65ea3ee25ec3bdadc99582419699b') in 0.017626 seconds 
========================================================================
Received Import Request.
  Time since last request: 0.000022 seconds.
  path: Assets/Enviro - Dynamic Enviroment/Textures/enviro_rainRipple_particles.png
  artifactKey: Guid(da0adcea213258343ab3f34afa9306c1) Importer(815301076,1909f56bfc062723c751e8b465ee728b)
Start importing Assets/Enviro - Dynamic Enviroment/Textures/enviro_rainRipple_particles.png using Guid(da0adcea213258343ab3f34afa9306c1) Importer(815301076,1909f56bfc062723c751e8b465ee728b)  -> (artifact id: 'cd40d1af092ed4fc87be60ab0db42149') in 0.016632 seconds 
========================================================================
Received Import Request.
  Time since last request: 0.000021 seconds.
  path: Assets/Enviro - Dynamic Enviroment/Textures/enviro_rain_particles.png
  artifactKey: Guid(ff9e9d266b05db44096ee8ec1732f46c) Importer(815301076,1909f56bfc062723c751e8b465ee728b)
Start importing Assets/Enviro - Dynamic Enviroment/Textures/enviro_rain_particles.png using Guid(ff9e9d266b05db44096ee8ec1732f46c) Importer(815301076,1909f56bfc062723c751e8b465ee728b)  -> (artifact id: 'f471defea626864e4eaccfcf292694bf') in 0.016768 seconds 
========================================================================
Received Import Request.
  Time since last request: 0.000021 seconds.
  path: Assets/Enviro - Dynamic Enviroment/Textures/enviro_lightning_particles.png
  artifactKey: Guid(e122ecd833c32df4186c59c7b755688c) Importer(815301076,1909f56bfc062723c751e8b465ee728b)
Start importing Assets/Enviro - Dynamic Enviroment/Textures/enviro_lightning_particles.png using Guid(e122ecd833c32df4186c59c7b755688c) Importer(815301076,1909f56bfc062723c751e8b465ee728b)  -> (artifact id: 'c0dc2e330a20a41a3e2ce2ae9a99adfc') in 0.015637 seconds 
========================================================================
Received Import Request.
  Time since last request: 10.412918 seconds.
  path: Assets/Enviro - Dynamic Enviroment/Prefab/EnviroSky.prefab
  artifactKey: Guid(9d3370edc4a7463459f45975fadf905a) Importer(815301076,1909f56bfc062723c751e8b465ee728b)
Start importing Assets/Enviro - Dynamic Enviroment/Prefab/EnviroSky.prefab using Guid(9d3370edc4a7463459f45975fadf905a) Importer(815301076,1909f56bfc062723c751e8b465ee728b)  -> (artifact id: '5dc284e861e53ef2ebfe9ae22b8a4e28') in 0.191777 seconds 
========================================================================
Received Import Request.
  Time since last request: 1.004749 seconds.
  path: Assets/Enviro - Dynamic Enviroment/Prefab/WeatherEffects/Heave Snow.prefab
  artifactKey: Guid(35c2de188ee7f814bb14d727a3388085) Importer(815301076,1909f56bfc062723c751e8b465ee728b)
Start importing Assets/Enviro - Dynamic Enviroment/Prefab/WeatherEffects/Heave Snow.prefab using Guid(35c2de188ee7f814bb14d727a3388085) Importer(815301076,1909f56bfc062723c751e8b465ee728b)  -> (artifact id: 'fa438e4699b3dbdd1408d60a6031ce26') in 0.066873 seconds 
========================================================================
Received Import Request.
  Time since last request: 0.000022 seconds.
  path: Assets/Enviro - Dynamic Enviroment/Prefab/WeatherEffects/Rain VR.prefab
  artifactKey: Guid(1b83b884d3cfa9e4ab51583cd8d35bd2) Importer(815301076,1909f56bfc062723c751e8b465ee728b)
Start importing Assets/Enviro - Dynamic Enviroment/Prefab/WeatherEffects/Rain VR.prefab using Guid(1b83b884d3cfa9e4ab51583cd8d35bd2) Importer(815301076,1909f56bfc062723c751e8b465ee728b)  -> (artifact id: '7cfe1569b4cfc077c7f69cf0ecf64810') in 0.022802 seconds 
Editor requested this worker to shutdown with reason: Scaling down because of idle timeout
AssetImportWorker is now disconnected from the server
Process exiting
Exiting without the bug reporter. Application will terminate with return code 0